<?xml version="1.0" encoding="UTF-8"?>
<testng-results ignored="0" total="1" passed="1" failed="0" skipped="0">
  <reporter-output>
  </reporter-output>
  <suite started-at="2022-01-30T00:07:04 IST" name="Default suite" finished-at="2022-01-30T00:07:31 IST" duration-ms="26879">
    <groups>
      <group name="cucumber">
        <method signature="AbstractTestNGCucumberTests.runScenario(io.cucumber.testng.PickleWrapper,io.cucumber.testng.FeatureWrapper)[pri:0, instance:runnerLead.RunnerFINDContact@60bd273d]" name="runScenario" class="io.cucumber.testng.AbstractTestNGCucumberTests"/>
      </group> <!-- cucumber -->
    </groups>
    <test started-at="2022-01-30T00:07:04 IST" name="Default test" finished-at="2022-01-30T00:07:31 IST" duration-ms="26879">
      <class name="runnerLead.RunnerFINDContact">
        <test-method is-config="true" signature="setUpClass(org.testng.ITestContext)[pri:0, instance:runnerLead.RunnerFINDContact@60bd273d]" started-at="2022-01-30T00:07:04 IST" name="setUpClass" finished-at="2022-01-30T00:07:05 IST" duration-ms="538" status="PASS">
          <params>
            <param index="0">
              <value>
                <![CDATA[org.testng.TestRunner@ea7a4c3]]>
              </value>
            </param>
          </params>
          <reporter-output>
          </reporter-output>
        </test-method> <!-- setUpClass -->
        <test-method signature="runScenario(io.cucumber.testng.PickleWrapper,io.cucumber.testng.FeatureWrapper)[pri:0, instance:runnerLead.RunnerFINDContact@60bd273d]" started-at="2022-01-30T00:07:05 IST" name="runScenario" description="Runs Cucumber Scenarios" data-provider="scenarios" finished-at="2022-01-30T00:07:28 IST" duration-ms="23657" status="PASS">
          <params>
            <param index="0">
              <value>
                <![CDATA["TC_003 Trying to find the Contacts based on the Eamil"]]>
              </value>
            </param>
            <param index="1">
              <value>
                <![CDATA["Optional[Find the Existing Contact in the system]"]]>
              </value>
            </param>
          </params>
          <reporter-output>
          </reporter-output>
        </test-method> <!-- runScenario -->
        <test-method is-config="true" signature="tearDownClass()[pri:0, instance:runnerLead.RunnerFINDContact@60bd273d]" started-at="2022-01-30T00:07:29 IST" name="tearDownClass" finished-at="2022-01-30T00:07:31 IST" duration-ms="2643" status="PASS">
          <reporter-output>
          </reporter-output>
        </test-method> <!-- tearDownClass -->
      </class> <!-- runnerLead.RunnerFINDContact -->
    </test> <!-- Default test -->
  </suite> <!-- Default suite -->
</testng-results>
